# JRE version: 7.0_21-b11
# Java VM: Java HotSpot(TM) 64-Bit Server VM (23.21-b01 mixed mode windows-amd64 compressed oops)
Heap
 PSYoungGen      total 71296K, used 50690K [0x00000000eac00000, 0x00000000ef8a0000, 0x0000000100000000)
  eden space 65088K, 77% used [0x00000000eac00000,0x00000000edd6ca90,0x00000000eeb90000)
  from space 6208K, 1% used [0x00000000ef1f0000,0x00000000ef204010,0x00000000ef800000)
  to   space 6528K, 0% used [0x00000000eeb90000,0x00000000eeb90000,0x00000000ef1f0000)
 ParOldGen       total 43520K, used 9276K [0x00000000c0400000, 0x00000000c2e80000, 0x00000000eac00000)
  object space 43520K, 21% used [0x00000000c0400000,0x00000000c0d0f370,0x00000000c2e80000)
 PSPermGen       total 21248K, used 14572K [0x00000000bb200000, 0x00000000bc6c0000, 0x00000000c0400000)
  object space 21248K, 68% used [0x00000000bb200000,0x00000000bc03b228,0x00000000bc6c0000)
GC Heap History (10 events):
Event: 66.348 GC heap before
{Heap before GC invocations=4 (full 0):
 PSYoungGen      total 19072K, used 19053K [0x00000000eac00000, 0x00000000ec140000, 0x0000000100000000)
  eden space 16384K, 100% used [0x00000000eac00000,0x00000000ebc00000,0x00000000ebc00000)
  from space 2688K, 99% used [0x00000000ebc00000,0x00000000ebe9b720,0x00000000ebea0000)
  to   space 2688K, 0% used [0x00000000ebea0000,0x00000000ebea0000,0x00000000ec140000)
 ParOldGen       total 43520K, used 3592K [0x00000000c0400000, 0x00000000c2e80000, 0x00000000eac00000)
  object space 43520K, 8% used [0x00000000c0400000,0x00000000c07820a0,0x00000000c2e80000)
 PSPermGen       total 21248K, used 14445K [0x00000000bb200000, 0x00000000bc6c0000, 0x00000000c0400000)
  object space 21248K, 67% used [0x00000000bb200000,0x00000000bc01b578,0x00000000bc6c0000)
Event: 66.361 GC heap after
Heap after GC invocations=4 (full 0):
 PSYoungGen      total 19072K, used 2669K [0x00000000eac00000, 0x00000000ec140000, 0x0000000100000000)
  eden space 16384K, 0% used [0x00000000eac00000,0x00000000eac00000,0x00000000ebc00000)
  from space 2688K, 99% used [0x00000000ebea0000,0x00000000ec13b720,0x00000000ec140000)
  to   space 2688K, 0% used [0x00000000ebc00000,0x00000000ebc00000,0x00000000ebea0000)
 ParOldGen       total 43520K, used 6570K [0x00000000c0400000, 0x00000000c2e80000, 0x00000000eac00000)
  object space 43520K, 15% used [0x00000000c0400000,0x00000000c0a6abe0,0x00000000c2e80000)
 PSPermGen       total 21248K, used 14445K [0x00000000bb200000, 0x00000000bc6c0000, 0x00000000c0400000)
  object space 21248K, 67% used [0x00000000bb200000,0x00000000bc01b578,0x00000000bc6c0000)
}
Event: 66.431 GC heap before
{Heap before GC invocations=5 (full 0):
 PSYoungGen      total 19072K, used 19053K [0x00000000eac00000, 0x00000000ec140000, 0x0000000100000000)
  eden space 16384K, 100% used [0x00000000eac00000,0x00000000ebc00000,0x00000000ebc00000)
  from space 2688K, 99% used [0x00000000ebea0000,0x00000000ec13b720,0x00000000ec140000)
  to   space 2688K, 0% used [0x00000000ebc00000,0x00000000ebc00000,0x00000000ebea0000)
 ParOldGen       total 43520K, used 6570K [0x00000000c0400000, 0x00000000c2e80000, 0x00000000eac00000)
  object space 43520K, 15% used [0x00000000c0400000,0x00000000c0a6abe0,0x00000000c2e80000)
 PSPermGen       total 21248K, used 14455K [0x00000000bb200000, 0x00000000bc6c0000, 0x00000000c0400000)
  object space 21248K, 68% used [0x00000000bb200000,0x00000000bc01dd98,0x00000000bc6c0000)
Event: 66.438 GC heap after
Heap after GC invocations=5 (full 0):
 PSYoungGen      total 19072K, used 2685K [0x00000000eac00000, 0x00000000ed780000, 0x0000000100000000)
  eden space 16384K, 0% used [0x00000000eac00000,0x00000000eac00000,0x00000000ebc00000)
  from space 2688K, 99% used [0x00000000ebc00000,0x00000000ebe9f710,0x00000000ebea0000)
  to   space 5888K, 0% used [0x00000000ed1c0000,0x00000000ed1c0000,0x00000000ed780000)
 ParOldGen       total 43520K, used 6578K [0x00000000c0400000, 0x00000000c2e80000, 0x00000000eac00000)
  object space 43520K, 15% used [0x00000000c0400000,0x00000000c0a6cbe0,0x00000000c2e80000)
 PSPermGen       total 21248K, used 14455K [0x00000000bb200000, 0x00000000bc6c0000, 0x00000000c0400000)
  object space 21248K, 68% used [0x00000000bb200000,0x00000000bc01dd98,0x00000000bc6c0000)
}
Event: 66.478 GC heap before
{Heap before GC invocations=6 (full 0):
 PSYoungGen      total 19072K, used 19069K [0x00000000eac00000, 0x00000000ed780000, 0x0000000100000000)
  eden space 16384K, 100% used [0x00000000eac00000,0x00000000ebc00000,0x00000000ebc00000)
  from space 2688K, 99% used [0x00000000ebc00000,0x00000000ebe9f710,0x00000000ebea0000)
  to   space 5888K, 0% used [0x00000000ed1c0000,0x00000000ed1c0000,0x00000000ed780000)
 ParOldGen       total 43520K, used 6578K [0x00000000c0400000, 0x00000000c2e80000, 0x00000000eac00000)
  object space 43520K, 15% used [0x00000000c0400000,0x00000000c0a6cbe0,0x00000000c2e80000)
 PSPermGen       total 21248K, used 14457K [0x00000000bb200000, 0x00000000bc6c0000, 0x00000000c0400000)
  object space 21248K, 68% used [0x00000000bb200000,0x00000000bc01e680,0x00000000bc6c0000)
Event: 66.484 GC heap after
Heap after GC invocations=6 (full 0):
 PSYoungGen      total 38592K, used 2733K [0x00000000eac00000, 0x00000000ed7a0000, 0x0000000100000000)
  eden space 32704K, 0% used [0x00000000eac00000,0x00000000eac00000,0x00000000ecbf0000)
  from space 5888K, 46% used [0x00000000ed1c0000,0x00000000ed46b720,0x00000000ed780000)
  to   space 5952K, 0% used [0x00000000ecbf0000,0x00000000ecbf0000,0x00000000ed1c0000)
 ParOldGen       total 43520K, used 6578K [0x00000000c0400000, 0x00000000c2e80000, 0x00000000eac00000)
  object space 43520K, 15% used [0x00000000c0400000,0x00000000c0a6cbe0,0x00000000c2e80000)
 PSPermGen       total 21248K, used 14457K [0x00000000bb200000, 0x00000000bc6c0000, 0x00000000c0400000)
  object space 21248K, 68% used [0x00000000bb200000,0x00000000bc01e680,0x00000000bc6c0000)
}
Event: 66.581 GC heap before
{Heap before GC invocations=7 (full 0):
 PSYoungGen      total 38592K, used 35437K [0x00000000eac00000, 0x00000000ed7a0000, 0x0000000100000000)
  eden space 32704K, 100% used [0x00000000eac00000,0x00000000ecbf0000,0x00000000ecbf0000)
  from space 5888K, 46% used [0x00000000ed1c0000,0x00000000ed46b720,0x00000000ed780000)
  to   space 5952K, 0% used [0x00000000ecbf0000,0x00000000ecbf0000,0x00000000ed1c0000)
 ParOldGen       total 43520K, used 6578K [0x00000000c0400000, 0x00000000c2e80000, 0x00000000eac00000)
  object space 43520K, 15% used [0x00000000c0400000,0x00000000c0a6cbe0,0x00000000c2e80000)
 PSPermGen       total 21248K, used 14457K [0x00000000bb200000, 0x00000000bc6c0000, 0x00000000c0400000)
  object space 21248K, 68% used [0x00000000bb200000,0x00000000bc01e6c0,0x00000000bc6c0000)
Event: 66.589 GC heap after
Heap after GC invocations=7 (full 0):
 PSYoungGen      total 38656K, used 1024K [0x00000000eac00000, 0x00000000ef800000, 0x0000000100000000)
  eden space 32704K, 0% used [0x00000000eac00000,0x00000000eac00000,0x00000000ecbf0000)
  from space 5952K, 17% used [0x00000000ecbf0000,0x00000000eccf0010,0x00000000ed1c0000)
  to   space 6208K, 0% used [0x00000000ef1f0000,0x00000000ef1f0000,0x00000000ef800000)
 ParOldGen       total 43520K, used 8300K [0x00000000c0400000, 0x00000000c2e80000, 0x00000000eac00000)
  object space 43520K, 19% used [0x00000000c0400000,0x00000000c0c1b360,0x00000000c2e80000)
 PSPermGen       total 21248K, used 14457K [0x00000000bb200000, 0x00000000bc6c0000, 0x00000000c0400000)
  object space 21248K, 68% used [0x00000000bb200000,0x00000000bc01e6c0,0x00000000bc6c0000)
}
Event: 66.644 GC heap before
{Heap before GC invocations=8 (full 0):
 PSYoungGen      total 38656K, used 33728K [0x00000000eac00000, 0x00000000ef800000, 0x0000000100000000)
  eden space 32704K, 100% used [0x00000000eac00000,0x00000000ecbf0000,0x00000000ecbf0000)
  from space 5952K, 17% used [0x00000000ecbf0000,0x00000000eccf0010,0x00000000ed1c0000)
  to   space 6208K, 0% used [0x00000000ef1f0000,0x00000000ef1f0000,0x00000000ef800000)
 ParOldGen       total 43520K, used 8300K [0x00000000c0400000, 0x00000000c2e80000, 0x00000000eac00000)
  object space 43520K, 19% used [0x00000000c0400000,0x00000000c0c1b360,0x00000000c2e80000)
 PSPermGen       total 21248K, used 14457K [0x00000000bb200000, 0x00000000bc6c0000, 0x00000000c0400000)
  object space 21248K, 68% used [0x00000000bb200000,0x00000000bc01e6c0,0x00000000bc6c0000)
Event: 66.654 GC heap after
Heap after GC invocations=8 (full 0):
 PSYoungGen      total 71296K, used 80K [0x00000000eac00000, 0x00000000ef8a0000, 0x0000000100000000)
  eden space 65088K, 0% used [0x00000000eac00000,0x00000000eac00000,0x00000000eeb90000)
  from space 6208K, 1% used [0x00000000ef1f0000,0x00000000ef204010,0x00000000ef800000)
  to   space 6528K, 0% used [0x00000000eeb90000,0x00000000eeb90000,0x00000000ef1f0000)
 ParOldGen       total 43520K, used 9276K [0x00000000c0400000, 0x00000000c2e80000, 0x00000000eac00000)
  object space 43520K, 21% used [0x00000000c0400000,0x00000000c0d0f370,0x00000000c2e80000)
 PSPermGen       total 21248K, used 14457K [0x00000000bb200000, 0x00000000bc6c0000, 0x00000000c0400000)
  object space 21248K, 68% used [0x00000000bb200000,0x00000000bc01e6c0,0x00000000bc6c0000)
}

