# JRE version: 7.0_21-b11
# Java VM: Java HotSpot(TM) 64-Bit Server VM (23.21-b01 mixed mode windows-amd64 compressed oops)
Heap
 PSYoungGen      total 71488K, used 49243K [0x00000000eac00000, 0x00000000ef8e0000, 0x0000000100000000)
  eden space 65216K, 75% used [0x00000000eac00000,0x00000000edc0ae18,0x00000000eebb0000)
  from space 6272K, 0% used [0x00000000ef220000,0x00000000ef22c010,0x00000000ef840000)
  to   space 6592K, 0% used [0x00000000eebb0000,0x00000000eebb0000,0x00000000ef220000)
 ParOldGen       total 43520K, used 9352K [0x00000000c0400000, 0x00000000c2e80000, 0x00000000eac00000)
  object space 43520K, 21% used [0x00000000c0400000,0x00000000c0d22398,0x00000000c2e80000)
 PSPermGen       total 21248K, used 14588K [0x00000000bb200000, 0x00000000bc6c0000, 0x00000000c0400000)
  object space 21248K, 68% used [0x00000000bb200000,0x00000000bc03f388,0x00000000bc6c0000)
GC Heap History (10 events):
Event: 59.501 GC heap before
{Heap before GC invocations=4 (full 0):
 PSYoungGen      total 19072K, used 19069K [0x00000000eac00000, 0x00000000ec140000, 0x0000000100000000)
  eden space 16384K, 100% used [0x00000000eac00000,0x00000000ebc00000,0x00000000ebc00000)
  from space 2688K, 99% used [0x00000000ebc00000,0x00000000ebe9f700,0x00000000ebea0000)
  to   space 2688K, 0% used [0x00000000ebea0000,0x00000000ebea0000,0x00000000ec140000)
 ParOldGen       total 43520K, used 3560K [0x00000000c0400000, 0x00000000c2e80000, 0x00000000eac00000)
  object space 43520K, 8% used [0x00000000c0400000,0x00000000c077a0c8,0x00000000c2e80000)
 PSPermGen       total 21248K, used 14462K [0x00000000bb200000, 0x00000000bc6c0000, 0x00000000c0400000)
  object space 21248K, 68% used [0x00000000bb200000,0x00000000bc01f8f0,0x00000000bc6c0000)
Event: 59.511 GC heap after
Heap after GC invocations=4 (full 0):
 PSYoungGen      total 19072K, used 2684K [0x00000000eac00000, 0x00000000ec140000, 0x0000000100000000)
  eden space 16384K, 0% used [0x00000000eac00000,0x00000000eac00000,0x00000000ebc00000)
  from space 2688K, 99% used [0x00000000ebea0000,0x00000000ec13f000,0x00000000ec140000)
  to   space 2688K, 0% used [0x00000000ebc00000,0x00000000ebc00000,0x00000000ebea0000)
 ParOldGen       total 43520K, used 6616K [0x00000000c0400000, 0x00000000c2e80000, 0x00000000eac00000)
  object space 43520K, 15% used [0x00000000c0400000,0x00000000c0a76308,0x00000000c2e80000)
 PSPermGen       total 21248K, used 14462K [0x00000000bb200000, 0x00000000bc6c0000, 0x00000000c0400000)
  object space 21248K, 68% used [0x00000000bb200000,0x00000000bc01f8f0,0x00000000bc6c0000)
}
Event: 59.577 GC heap before
{Heap before GC invocations=5 (full 0):
 PSYoungGen      total 19072K, used 19068K [0x00000000eac00000, 0x00000000ec140000, 0x0000000100000000)
  eden space 16384K, 100% used [0x00000000eac00000,0x00000000ebc00000,0x00000000ebc00000)
  from space 2688K, 99% used [0x00000000ebea0000,0x00000000ec13f000,0x00000000ec140000)
  to   space 2688K, 0% used [0x00000000ebc00000,0x00000000ebc00000,0x00000000ebea0000)
 ParOldGen       total 43520K, used 6616K [0x00000000c0400000, 0x00000000c2e80000, 0x00000000eac00000)
  object space 43520K, 15% used [0x00000000c0400000,0x00000000c0a76308,0x00000000c2e80000)
 PSPermGen       total 21248K, used 14471K [0x00000000bb200000, 0x00000000bc6c0000, 0x00000000c0400000)
  object space 21248K, 68% used [0x00000000bb200000,0x00000000bc021fd8,0x00000000bc6c0000)
Event: 59.586 GC heap after
Heap after GC invocations=5 (full 0):
 PSYoungGen      total 19072K, used 2684K [0x00000000eac00000, 0x00000000ed7c0000, 0x0000000100000000)
  eden space 16384K, 0% used [0x00000000eac00000,0x00000000eac00000,0x00000000ebc00000)
  from space 2688K, 99% used [0x00000000ebc00000,0x00000000ebe9f000,0x00000000ebea0000)
  to   space 6016K, 0% used [0x00000000ed1e0000,0x00000000ed1e0000,0x00000000ed7c0000)
 ParOldGen       total 43520K, used 6644K [0x00000000c0400000, 0x00000000c2e80000, 0x00000000eac00000)
  object space 43520K, 15% used [0x00000000c0400000,0x00000000c0a7d318,0x00000000c2e80000)
 PSPermGen       total 21248K, used 14471K [0x00000000bb200000, 0x00000000bc6c0000, 0x00000000c0400000)
  object space 21248K, 68% used [0x00000000bb200000,0x00000000bc021fd8,0x00000000bc6c0000)
}
Event: 59.640 GC heap before
{Heap before GC invocations=6 (full 0):
 PSYoungGen      total 19072K, used 19068K [0x00000000eac00000, 0x00000000ed7c0000, 0x0000000100000000)
  eden space 16384K, 100% used [0x00000000eac00000,0x00000000ebc00000,0x00000000ebc00000)
  from space 2688K, 99% used [0x00000000ebc00000,0x00000000ebe9f000,0x00000000ebea0000)
  to   space 6016K, 0% used [0x00000000ed1e0000,0x00000000ed1e0000,0x00000000ed7c0000)
 ParOldGen       total 43520K, used 6644K [0x00000000c0400000, 0x00000000c2e80000, 0x00000000eac00000)
  object space 43520K, 15% used [0x00000000c0400000,0x00000000c0a7d318,0x00000000c2e80000)
 PSPermGen       total 21248K, used 14474K [0x00000000bb200000, 0x00000000bc6c0000, 0x00000000c0400000)
  object space 21248K, 68% used [0x00000000bb200000,0x00000000bc0228c0,0x00000000bc6c0000)
Event: 59.646 GC heap after
Heap after GC invocations=6 (full 0):
 PSYoungGen      total 38784K, used 2716K [0x00000000eac00000, 0x00000000ed7c0000, 0x0000000100000000)
  eden space 32768K, 0% used [0x00000000eac00000,0x00000000eac00000,0x00000000ecc00000)
  from space 6016K, 45% used [0x00000000ed1e0000,0x00000000ed487000,0x00000000ed7c0000)
  to   space 6016K, 0% used [0x00000000ecc00000,0x00000000ecc00000,0x00000000ed1e0000)
 ParOldGen       total 43520K, used 6644K [0x00000000c0400000, 0x00000000c2e80000, 0x00000000eac00000)
  object space 43520K, 15% used [0x00000000c0400000,0x00000000c0a7d318,0x00000000c2e80000)
 PSPermGen       total 21248K, used 14474K [0x00000000bb200000, 0x00000000bc6c0000, 0x00000000c0400000)
  object space 21248K, 68% used [0x00000000bb200000,0x00000000bc0228c0,0x00000000bc6c0000)
}
Event: 59.720 GC heap before
{Heap before GC invocations=7 (full 0):
 PSYoungGen      total 38784K, used 35484K [0x00000000eac00000, 0x00000000ed7c0000, 0x0000000100000000)
  eden space 32768K, 100% used [0x00000000eac00000,0x00000000ecc00000,0x00000000ecc00000)
  from space 6016K, 45% used [0x00000000ed1e0000,0x00000000ed487000,0x00000000ed7c0000)
  to   space 6016K, 0% used [0x00000000ecc00000,0x00000000ecc00000,0x00000000ed1e0000)
 ParOldGen       total 43520K, used 6644K [0x00000000c0400000, 0x00000000c2e80000, 0x00000000eac00000)
  object space 43520K, 15% used [0x00000000c0400000,0x00000000c0a7d318,0x00000000c2e80000)
 PSPermGen       total 21248K, used 14474K [0x00000000bb200000, 0x00000000bc6c0000, 0x00000000c0400000)
  object space 21248K, 68% used [0x00000000bb200000,0x00000000bc022900,0x00000000bc6c0000)
Event: 59.726 GC heap after
Heap after GC invocations=7 (full 0):
 PSYoungGen      total 38784K, used 1278K [0x00000000eac00000, 0x00000000ef840000, 0x0000000100000000)
  eden space 32768K, 0% used [0x00000000eac00000,0x00000000eac00000,0x00000000ecc00000)
  from space 6016K, 21% used [0x00000000ecc00000,0x00000000ecd3f900,0x00000000ed1e0000)
  to   space 6272K, 0% used [0x00000000ef220000,0x00000000ef220000,0x00000000ef840000)
 ParOldGen       total 43520K, used 8130K [0x00000000c0400000, 0x00000000c2e80000, 0x00000000eac00000)
  object space 43520K, 18% used [0x00000000c0400000,0x00000000c0bf0a98,0x00000000c2e80000)
 PSPermGen       total 21248K, used 14474K [0x00000000bb200000, 0x00000000bc6c0000, 0x00000000c0400000)
  object space 21248K, 68% used [0x00000000bb200000,0x00000000bc022900,0x00000000bc6c0000)
}
Event: 59.776 GC heap before
{Heap before GC invocations=8 (full 0):
 PSYoungGen      total 38784K, used 34046K [0x00000000eac00000, 0x00000000ef840000, 0x0000000100000000)
  eden space 32768K, 100% used [0x00000000eac00000,0x00000000ecc00000,0x00000000ecc00000)
  from space 6016K, 21% used [0x00000000ecc00000,0x00000000ecd3f900,0x00000000ed1e0000)
  to   space 6272K, 0% used [0x00000000ef220000,0x00000000ef220000,0x00000000ef840000)
 ParOldGen       total 43520K, used 8130K [0x00000000c0400000, 0x00000000c2e80000, 0x00000000eac00000)
  object space 43520K, 18% used [0x00000000c0400000,0x00000000c0bf0a98,0x00000000c2e80000)
 PSPermGen       total 21248K, used 14474K [0x00000000bb200000, 0x00000000bc6c0000, 0x00000000c0400000)
  object space 21248K, 68% used [0x00000000bb200000,0x00000000bc022900,0x00000000bc6c0000)
Event: 59.779 GC heap after
Heap after GC invocations=8 (full 0):
 PSYoungGen      total 71488K, used 48K [0x00000000eac00000, 0x00000000ef8e0000, 0x0000000100000000)
  eden space 65216K, 0% used [0x00000000eac00000,0x00000000eac00000,0x00000000eebb0000)
  from space 6272K, 0% used [0x00000000ef220000,0x00000000ef22c010,0x00000000ef840000)
  to   space 6592K, 0% used [0x00000000eebb0000,0x00000000eebb0000,0x00000000ef220000)
 ParOldGen       total 43520K, used 9352K [0x00000000c0400000, 0x00000000c2e80000, 0x00000000eac00000)
  object space 43520K, 21% used [0x00000000c0400000,0x00000000c0d22398,0x00000000c2e80000)
 PSPermGen       total 21248K, used 14474K [0x00000000bb200000, 0x00000000bc6c0000, 0x00000000c0400000)
  object space 21248K, 68% used [0x00000000bb200000,0x00000000bc022900,0x00000000bc6c0000)
}

